Traceback (most recent call last):
  File "/opt/hostedtoolcache/Python/3.10.17/x64/lib/python3.10/site-packages/jupyter_cache/executors/utils.py", line 58, in single_nb_execution
    executenb(
  File "/opt/hostedtoolcache/Python/3.10.17/x64/lib/python3.10/site-packages/nbclient/client.py", line 1319, in execute
    return NotebookClient(nb=nb, resources=resources, km=km, **kwargs).execute()
  File "/opt/hostedtoolcache/Python/3.10.17/x64/lib/python3.10/site-packages/jupyter_core/utils/__init__.py", line 165, in wrapped
    return loop.run_until_complete(inner)
  File "/opt/hostedtoolcache/Python/3.10.17/x64/lib/python3.10/asyncio/base_events.py", line 649, in run_until_complete
    return future.result()
  File "/opt/hostedtoolcache/Python/3.10.17/x64/lib/python3.10/site-packages/nbclient/client.py", line 709, in async_execute
    await self.async_execute_cell(
  File "/opt/hostedtoolcache/Python/3.10.17/x64/lib/python3.10/site-packages/nbclient/client.py", line 1062, in async_execute_cell
    await self._check_raise_for_error(cell, cell_index, exec_reply)
  File "/opt/hostedtoolcache/Python/3.10.17/x64/lib/python3.10/site-packages/nbclient/client.py", line 918, in _check_raise_for_error
    raise CellExecutionError.from_cell_and_msg(cell, exec_reply_content)
nbclient.exceptions.CellExecutionError: An error occurred while executing the following cell:
------------------
import pymysql
import psycopg2
import pandas as pd
from sqlalchemy import create_engine
from sklearn.preprocessing import StandardScaler

# Buat engine SQLAlchemy untuk MySQL
mysql_engine = create_engine(
    "mysql+pymysql://avnadmin:AVNS_2ByB5ZbPXeYhBHP6anG@mysql-3f502423-tuhuwkwk-f38a.h.aivencloud.com:25886/defaultdb"
)

# Buat engine SQLAlchemy untuk PostgreSQL
postgres_engine = create_engine(
    "postgresql+psycopg2://avnadmin:AVNS_RXRKVCrwzjE7ECInaHa@pg-3e9f6d55-tuhuwkwk-f38a.h.aivencloud.com:25886/defaultdb"
)

# Query untuk mengambil data
mysql_query = "SELECT id, class, petal_length, petal_width FROM irisSQL"
postgres_query = "SELECT id, sepal_length, sepal_width FROM irispostgre"

# Ambil data dari MySQL dan PostgreSQL sebagai DataFrame Pandas
df_mysql = pd.read_sql(mysql_query, mysql_engine, coerce_float=True)
df_postgres = pd.read_sql(postgres_query, postgres_engine, coerce_float=True)
------------------


[0;31m---------------------------------------------------------------------------[0m
[0;31mModuleNotFoundError[0m                       Traceback (most recent call last)
Cell [0;32mIn[1], line 1[0m
[0;32m----> 1[0m [38;5;28;01mimport[39;00m[38;5;250m [39m[38;5;21;01mpymysql[39;00m
[1;32m      2[0m [38;5;28;01mimport[39;00m[38;5;250m [39m[38;5;21;01mpsycopg2[39;00m
[1;32m      3[0m [38;5;28;01mimport[39;00m[38;5;250m [39m[38;5;21;01mpandas[39;00m[38;5;250m [39m[38;5;28;01mas[39;00m[38;5;250m [39m[38;5;21;01mpd[39;00m

[0;31mModuleNotFoundError[0m: No module named 'pymysql'

